2023-03-25 14:17:48 [scrapy.utils.log] INFO: Scrapy 2.8.0 started (bot: manual_scraper_ext)
2023-03-25 14:17:48 [scrapy.utils.log] INFO: Versions: lxml 4.9.2.0, libxml2 2.9.12, cssselect 1.2.0, parsel 1.7.0, w3lib 2.1.1, Twisted 22.10.0, Python 3.10.9 (tags/v3.10.9:1dd9be6, Dec  6 2022, 20:01:21) [MSC v.1934 64 bit (AMD64)], pyOpenSSL 23.0.0 (OpenSSL 3.0.8 7 Feb 2023), cryptography 39.0.2, Platform Windows-10-10.0.19045-SP0
2023-03-25 14:17:48 [scrapy.crawler] INFO: Overridden settings:
{'BOT_NAME': 'manual_scraper_ext',
 'CONCURRENT_REQUESTS': 5,
 'DOWNLOAD_DELAY': 0.3,
 'FEED_EXPORT_ENCODING': 'utf-8',
 'LOG_FILE': 'ottode.log',
 'LOG_LEVEL': 'INFO',
 'NEWSPIDER_MODULE': 'manual_scraper_ext.spiders',
 'REQUEST_FINGERPRINTER_IMPLEMENTATION': '2.7',
 'ROBOTSTXT_OBEY': True,
 'SPIDER_MODULES': ['manual_scraper_ext.spiders'],
 'TWISTED_REACTOR': 'twisted.internet.asyncioreactor.AsyncioSelectorReactor'}
2023-03-25 14:17:48 [scrapy.extensions.telnet] INFO: Telnet Password: 64b9e3228d7ba903
2023-03-25 14:17:48 [scrapy.middleware] INFO: Enabled extensions:
['scrapy.extensions.corestats.CoreStats',
 'scrapy.extensions.telnet.TelnetConsole',
 'scrapy.extensions.feedexport.FeedExporter',
 'scrapy.extensions.logstats.LogStats']
2023-03-25 14:17:49 [scrapy.middleware] INFO: Enabled downloader middlewares:
['scrapy.downloadermiddlewares.robotstxt.RobotsTxtMiddleware',
 'scrapy.downloadermiddlewares.httpauth.HttpAuthMiddleware',
 'scrapy.downloadermiddlewares.downloadtimeout.DownloadTimeoutMiddleware',
 'scrapy.downloadermiddlewares.defaultheaders.DefaultHeadersMiddleware',
 'scrapy.downloadermiddlewares.useragent.UserAgentMiddleware',
 'scrapy.downloadermiddlewares.retry.RetryMiddleware',
 'scrapy.downloadermiddlewares.redirect.MetaRefreshMiddleware',
 'scrapy.downloadermiddlewares.httpcompression.HttpCompressionMiddleware',
 'scrapy.downloadermiddlewares.redirect.RedirectMiddleware',
 'scrapy.downloadermiddlewares.cookies.CookiesMiddleware',
 'scrapy.downloadermiddlewares.httpproxy.HttpProxyMiddleware',
 'scrapy.downloadermiddlewares.stats.DownloaderStats']
2023-03-25 14:17:49 [scrapy.middleware] INFO: Enabled spider middlewares:
['scrapy.spidermiddlewares.httperror.HttpErrorMiddleware',
 'scrapy.spidermiddlewares.offsite.OffsiteMiddleware',
 'scrapy.spidermiddlewares.referer.RefererMiddleware',
 'scrapy.spidermiddlewares.urllength.UrlLengthMiddleware',
 'scrapy.spidermiddlewares.depth.DepthMiddleware']
2023-03-25 14:17:49 [scrapy.middleware] INFO: Enabled item pipelines:
[]
2023-03-25 14:17:49 [scrapy.core.engine] INFO: Spider opened
2023-03-25 14:17:49 [scrapy.extensions.logstats] INFO: Crawled 0 pages (at 0 pages/min), scraped 0 items (at 0 items/min)
2023-03-25 14:17:49 [scrapy.extensions.telnet] INFO: Telnet console listening on 127.0.0.1:6023
2023-03-25 14:18:49 [scrapy.extensions.logstats] INFO: Crawled 132 pages (at 132 pages/min), scraped 13 items (at 13 items/min)
2023-03-25 14:19:49 [scrapy.extensions.logstats] INFO: Crawled 253 pages (at 121 pages/min), scraped 51 items (at 38 items/min)
2023-03-25 14:20:49 [scrapy.extensions.logstats] INFO: Crawled 358 pages (at 105 pages/min), scraped 88 items (at 37 items/min)
2023-03-25 14:21:26 [ottode] ERROR: Model empty
2023-03-25 14:21:26 [scrapy.core.scraper] ERROR: Spider error processing <GET https://www.otto.de:443/p/russell-hobbs-reiskocher-19750-56-cook-home-700-w-inkl-reisloeffel-messbecher-dampfkorb-fuer-gemuese-fisch-C358318826/> (referer: https://www.otto.de/haushalt/kuechengeraete/kocher/)
Traceback (most recent call last):
  File "C:\Users\vvspower\AppData\Local\Programs\Python\Python310\lib\site-packages\scrapy\utils\defer.py", line 257, in iter_errback
    yield next(it)
  File "C:\Users\vvspower\AppData\Local\Programs\Python\Python310\lib\site-packages\scrapy\utils\python.py", line 312, in __next__
    return next(self.data)
  File "C:\Users\vvspower\AppData\Local\Programs\Python\Python310\lib\site-packages\scrapy\utils\python.py", line 312, in __next__
    return next(self.data)
  File "C:\Users\vvspower\AppData\Local\Programs\Python\Python310\lib\site-packages\scrapy\core\spidermw.py", line 104, in process_sync
    for r in iterable:
  File "C:\Users\vvspower\AppData\Local\Programs\Python\Python310\lib\site-packages\scrapy\spidermiddlewares\offsite.py", line 28, in <genexpr>
    return (r for r in result or () if self._filter(r, spider))
  File "C:\Users\vvspower\AppData\Local\Programs\Python\Python310\lib\site-packages\scrapy\core\spidermw.py", line 104, in process_sync
    for r in iterable:
  File "C:\Users\vvspower\AppData\Local\Programs\Python\Python310\lib\site-packages\scrapy\spidermiddlewares\referer.py", line 353, in <genexpr>
    return (self._set_referer(r, response) for r in result or ())
  File "C:\Users\vvspower\AppData\Local\Programs\Python\Python310\lib\site-packages\scrapy\core\spidermw.py", line 104, in process_sync
    for r in iterable:
  File "C:\Users\vvspower\AppData\Local\Programs\Python\Python310\lib\site-packages\scrapy\spidermiddlewares\urllength.py", line 27, in <genexpr>
    return (r for r in result or () if self._filter(r, spider))
  File "C:\Users\vvspower\AppData\Local\Programs\Python\Python310\lib\site-packages\scrapy\core\spidermw.py", line 104, in process_sync
    for r in iterable:
  File "C:\Users\vvspower\AppData\Local\Programs\Python\Python310\lib\site-packages\scrapy\spidermiddlewares\depth.py", line 31, in <genexpr>
    return (r for r in result or () if self._filter(r, response, spider))
  File "C:\Users\vvspower\AppData\Local\Programs\Python\Python310\lib\site-packages\scrapy\core\spidermw.py", line 104, in process_sync
    for r in iterable:
  File "D:\WORK\SCRAPING WORK\otto-crawler\manual_scraper_ext\manual_scraper_ext\spiders\ottode.py", line 49, in parse_product
    brand, model, product = self.clean_headline(
  File "D:\WORK\SCRAPING WORK\otto-crawler\manual_scraper_ext\manual_scraper_ext\spiders\ottode.py", line 89, in clean_headline
    model = self.clean_model(headline, brand, product)
  File "D:\WORK\SCRAPING WORK\otto-crawler\manual_scraper_ext\manual_scraper_ext\spiders\ottode.py", line 115, in clean_model
    model = model.replace(",", "").replace("«", "").replace(
AttributeError: 'NoneType' object has no attribute 'replace'
2023-03-25 14:21:49 [scrapy.extensions.logstats] INFO: Crawled 476 pages (at 118 pages/min), scraped 124 items (at 36 items/min)
2023-03-25 14:22:49 [scrapy.extensions.logstats] INFO: Crawled 598 pages (at 122 pages/min), scraped 154 items (at 30 items/min)
2023-03-25 14:23:49 [scrapy.extensions.logstats] INFO: Crawled 723 pages (at 125 pages/min), scraped 159 items (at 5 items/min)
2023-03-25 14:24:49 [scrapy.extensions.logstats] INFO: Crawled 863 pages (at 140 pages/min), scraped 203 items (at 44 items/min)
2023-03-25 14:25:49 [scrapy.extensions.logstats] INFO: Crawled 995 pages (at 132 pages/min), scraped 257 items (at 54 items/min)
2023-03-25 14:26:49 [scrapy.extensions.logstats] INFO: Crawled 1139 pages (at 144 pages/min), scraped 313 items (at 56 items/min)
2023-03-25 14:27:49 [scrapy.extensions.logstats] INFO: Crawled 1262 pages (at 123 pages/min), scraped 313 items (at 0 items/min)
2023-03-25 14:28:49 [scrapy.extensions.logstats] INFO: Crawled 1384 pages (at 122 pages/min), scraped 314 items (at 1 items/min)
2023-03-25 14:29:49 [scrapy.extensions.logstats] INFO: Crawled 1511 pages (at 127 pages/min), scraped 315 items (at 1 items/min)
2023-03-25 14:30:49 [scrapy.extensions.logstats] INFO: Crawled 1632 pages (at 121 pages/min), scraped 315 items (at 0 items/min)
2023-03-25 14:31:49 [scrapy.extensions.logstats] INFO: Crawled 1752 pages (at 120 pages/min), scraped 315 items (at 0 items/min)
2023-03-25 14:32:49 [scrapy.extensions.logstats] INFO: Crawled 1884 pages (at 132 pages/min), scraped 332 items (at 17 items/min)
2023-03-25 14:33:49 [scrapy.extensions.logstats] INFO: Crawled 2027 pages (at 143 pages/min), scraped 333 items (at 1 items/min)
2023-03-25 14:34:49 [scrapy.extensions.logstats] INFO: Crawled 2171 pages (at 144 pages/min), scraped 339 items (at 6 items/min)
2023-03-25 14:35:49 [scrapy.extensions.logstats] INFO: Crawled 2315 pages (at 144 pages/min), scraped 347 items (at 8 items/min)
2023-03-25 14:36:49 [scrapy.extensions.logstats] INFO: Crawled 2458 pages (at 143 pages/min), scraped 351 items (at 4 items/min)
2023-03-25 14:37:49 [scrapy.extensions.logstats] INFO: Crawled 2581 pages (at 123 pages/min), scraped 353 items (at 2 items/min)
2023-03-25 14:38:49 [scrapy.extensions.logstats] INFO: Crawled 2718 pages (at 137 pages/min), scraped 354 items (at 1 items/min)
2023-03-25 14:39:49 [scrapy.extensions.logstats] INFO: Crawled 2846 pages (at 128 pages/min), scraped 354 items (at 0 items/min)
2023-03-25 14:40:49 [scrapy.extensions.logstats] INFO: Crawled 2973 pages (at 127 pages/min), scraped 355 items (at 1 items/min)
2023-03-25 14:41:49 [scrapy.extensions.logstats] INFO: Crawled 3100 pages (at 127 pages/min), scraped 369 items (at 14 items/min)
2023-03-25 14:42:49 [scrapy.extensions.logstats] INFO: Crawled 3231 pages (at 131 pages/min), scraped 377 items (at 8 items/min)
2023-03-25 14:43:49 [scrapy.extensions.logstats] INFO: Crawled 3351 pages (at 120 pages/min), scraped 383 items (at 6 items/min)
2023-03-25 14:44:49 [scrapy.extensions.logstats] INFO: Crawled 3457 pages (at 106 pages/min), scraped 384 items (at 1 items/min)
2023-03-25 14:45:49 [scrapy.extensions.logstats] INFO: Crawled 3573 pages (at 116 pages/min), scraped 384 items (at 0 items/min)
2023-03-25 14:46:49 [scrapy.extensions.logstats] INFO: Crawled 3683 pages (at 110 pages/min), scraped 387 items (at 3 items/min)
2023-03-25 14:47:49 [scrapy.extensions.logstats] INFO: Crawled 3806 pages (at 123 pages/min), scraped 387 items (at 0 items/min)
2023-03-25 14:48:49 [scrapy.extensions.logstats] INFO: Crawled 3929 pages (at 123 pages/min), scraped 387 items (at 0 items/min)
2023-03-25 14:49:49 [scrapy.extensions.logstats] INFO: Crawled 4032 pages (at 103 pages/min), scraped 387 items (at 0 items/min)
2023-03-25 14:50:49 [scrapy.extensions.logstats] INFO: Crawled 4134 pages (at 102 pages/min), scraped 395 items (at 8 items/min)
2023-03-25 14:51:49 [scrapy.extensions.logstats] INFO: Crawled 4248 pages (at 114 pages/min), scraped 395 items (at 0 items/min)
2023-03-25 14:52:49 [scrapy.extensions.logstats] INFO: Crawled 4405 pages (at 157 pages/min), scraped 396 items (at 1 items/min)
2023-03-25 14:53:49 [scrapy.extensions.logstats] INFO: Crawled 4501 pages (at 96 pages/min), scraped 413 items (at 17 items/min)
2023-03-25 14:54:49 [scrapy.extensions.logstats] INFO: Crawled 4589 pages (at 88 pages/min), scraped 418 items (at 5 items/min)
2023-03-25 14:55:49 [scrapy.extensions.logstats] INFO: Crawled 4693 pages (at 104 pages/min), scraped 418 items (at 0 items/min)
2023-03-25 14:56:49 [scrapy.extensions.logstats] INFO: Crawled 4812 pages (at 119 pages/min), scraped 420 items (at 2 items/min)
2023-03-25 14:57:49 [scrapy.extensions.logstats] INFO: Crawled 4953 pages (at 141 pages/min), scraped 432 items (at 12 items/min)
2023-03-25 14:58:49 [scrapy.extensions.logstats] INFO: Crawled 5069 pages (at 116 pages/min), scraped 432 items (at 0 items/min)
2023-03-25 14:59:19 [scrapy.spidermiddlewares.httperror] INFO: Ignoring response <404 https://www.otto.de:443/p/victorinox-messer-set-swissclassic-6-tlg-edelstahl-polypropylen-1667139158/>: HTTP status code is not handled or not allowed
2023-03-25 14:59:49 [scrapy.extensions.logstats] INFO: Crawled 5210 pages (at 141 pages/min), scraped 433 items (at 1 items/min)
2023-03-25 15:00:49 [scrapy.extensions.logstats] INFO: Crawled 5347 pages (at 137 pages/min), scraped 434 items (at 1 items/min)
2023-03-25 15:01:49 [scrapy.extensions.logstats] INFO: Crawled 5458 pages (at 111 pages/min), scraped 438 items (at 4 items/min)
2023-03-25 15:02:49 [scrapy.extensions.logstats] INFO: Crawled 5598 pages (at 140 pages/min), scraped 448 items (at 10 items/min)
2023-03-25 15:03:49 [scrapy.extensions.logstats] INFO: Crawled 5741 pages (at 143 pages/min), scraped 473 items (at 25 items/min)
2023-03-25 15:04:49 [scrapy.extensions.logstats] INFO: Crawled 5861 pages (at 120 pages/min), scraped 479 items (at 6 items/min)
2023-03-25 15:05:49 [scrapy.extensions.logstats] INFO: Crawled 5990 pages (at 129 pages/min), scraped 479 items (at 0 items/min)
2023-03-25 15:06:49 [scrapy.extensions.logstats] INFO: Crawled 6129 pages (at 139 pages/min), scraped 482 items (at 3 items/min)
2023-03-25 15:07:49 [scrapy.extensions.logstats] INFO: Crawled 6261 pages (at 132 pages/min), scraped 482 items (at 0 items/min)
2023-03-25 15:08:49 [scrapy.extensions.logstats] INFO: Crawled 6393 pages (at 132 pages/min), scraped 497 items (at 15 items/min)
2023-03-25 15:09:49 [scrapy.extensions.logstats] INFO: Crawled 6505 pages (at 112 pages/min), scraped 498 items (at 1 items/min)
2023-03-25 15:10:49 [scrapy.extensions.logstats] INFO: Crawled 6639 pages (at 134 pages/min), scraped 513 items (at 15 items/min)
2023-03-25 15:11:49 [scrapy.extensions.logstats] INFO: Crawled 6782 pages (at 143 pages/min), scraped 530 items (at 17 items/min)
2023-03-25 15:12:49 [scrapy.extensions.logstats] INFO: Crawled 6910 pages (at 128 pages/min), scraped 561 items (at 31 items/min)
2023-03-25 15:13:49 [scrapy.extensions.logstats] INFO: Crawled 7017 pages (at 107 pages/min), scraped 570 items (at 9 items/min)
2023-03-25 15:14:49 [scrapy.extensions.logstats] INFO: Crawled 7129 pages (at 112 pages/min), scraped 585 items (at 15 items/min)
2023-03-25 15:15:49 [scrapy.extensions.logstats] INFO: Crawled 7273 pages (at 144 pages/min), scraped 592 items (at 7 items/min)
2023-03-25 15:16:49 [scrapy.extensions.logstats] INFO: Crawled 7392 pages (at 119 pages/min), scraped 595 items (at 3 items/min)
2023-03-25 15:17:49 [scrapy.extensions.logstats] INFO: Crawled 7500 pages (at 108 pages/min), scraped 626 items (at 31 items/min)
2023-03-25 15:18:46 [ottode] ERROR: Brand not present
2023-03-25 15:18:49 [scrapy.extensions.logstats] INFO: Crawled 7620 pages (at 120 pages/min), scraped 636 items (at 10 items/min)
2023-03-25 15:19:49 [scrapy.extensions.logstats] INFO: Crawled 7735 pages (at 115 pages/min), scraped 645 items (at 9 items/min)
2023-03-25 15:20:49 [scrapy.extensions.logstats] INFO: Crawled 7869 pages (at 134 pages/min), scraped 659 items (at 14 items/min)
2023-03-25 15:21:49 [scrapy.extensions.logstats] INFO: Crawled 8008 pages (at 139 pages/min), scraped 667 items (at 8 items/min)
2023-03-25 15:22:49 [scrapy.extensions.logstats] INFO: Crawled 8107 pages (at 99 pages/min), scraped 681 items (at 14 items/min)
2023-03-25 15:23:49 [scrapy.extensions.logstats] INFO: Crawled 8217 pages (at 110 pages/min), scraped 684 items (at 3 items/min)
2023-03-25 15:24:49 [scrapy.extensions.logstats] INFO: Crawled 8343 pages (at 126 pages/min), scraped 704 items (at 20 items/min)
2023-03-25 15:25:49 [scrapy.extensions.logstats] INFO: Crawled 8480 pages (at 137 pages/min), scraped 711 items (at 7 items/min)
2023-03-25 15:26:49 [scrapy.extensions.logstats] INFO: Crawled 8628 pages (at 148 pages/min), scraped 716 items (at 5 items/min)
2023-03-25 15:27:49 [scrapy.extensions.logstats] INFO: Crawled 8738 pages (at 110 pages/min), scraped 723 items (at 7 items/min)
2023-03-25 15:28:49 [scrapy.extensions.logstats] INFO: Crawled 8843 pages (at 105 pages/min), scraped 724 items (at 1 items/min)
2023-03-25 15:29:49 [scrapy.extensions.logstats] INFO: Crawled 8992 pages (at 149 pages/min), scraped 740 items (at 16 items/min)
2023-03-25 15:30:49 [scrapy.extensions.logstats] INFO: Crawled 9143 pages (at 151 pages/min), scraped 752 items (at 12 items/min)
2023-03-25 15:31:49 [scrapy.extensions.logstats] INFO: Crawled 9270 pages (at 127 pages/min), scraped 766 items (at 14 items/min)
2023-03-25 15:32:01 [scrapy.spidermiddlewares.httperror] INFO: Ignoring response <404 https://www.otto.de:443/p/foscam-fi9938b-ueberwachungskamera-aussenbereich-innenbereich-wetterfest-nachtsicht-bis-zu-60-m-4fach-optischer-zoom-schwenk-und-neigungsfunktion-S0E2V0QM/>: HTTP status code is not handled or not allowed
2023-03-25 15:32:49 [scrapy.extensions.logstats] INFO: Crawled 9364 pages (at 94 pages/min), scraped 786 items (at 20 items/min)
2023-03-25 15:33:49 [scrapy.extensions.logstats] INFO: Crawled 9494 pages (at 130 pages/min), scraped 802 items (at 16 items/min)
2023-03-25 15:34:49 [scrapy.extensions.logstats] INFO: Crawled 9641 pages (at 147 pages/min), scraped 815 items (at 13 items/min)
2023-03-25 15:35:49 [scrapy.extensions.logstats] INFO: Crawled 9767 pages (at 126 pages/min), scraped 822 items (at 7 items/min)
2023-03-25 15:36:49 [scrapy.extensions.logstats] INFO: Crawled 9903 pages (at 136 pages/min), scraped 825 items (at 3 items/min)
2023-03-25 15:37:49 [scrapy.extensions.logstats] INFO: Crawled 10025 pages (at 122 pages/min), scraped 828 items (at 3 items/min)
2023-03-25 15:38:49 [scrapy.extensions.logstats] INFO: Crawled 10148 pages (at 123 pages/min), scraped 829 items (at 1 items/min)
2023-03-25 15:39:49 [scrapy.extensions.logstats] INFO: Crawled 10290 pages (at 142 pages/min), scraped 845 items (at 16 items/min)
2023-03-25 15:40:49 [scrapy.extensions.logstats] INFO: Crawled 10440 pages (at 150 pages/min), scraped 846 items (at 1 items/min)
2023-03-25 15:41:49 [scrapy.extensions.logstats] INFO: Crawled 10589 pages (at 149 pages/min), scraped 846 items (at 0 items/min)
2023-03-25 15:42:47 [scrapy.spidermiddlewares.httperror] INFO: Ignoring response <404 https://www.otto.de:443/p/tojo-futonbett-tojo-system-einfache-montage-ohne-werkzeug-in-verschiedenen-breiten-1173872136/>: HTTP status code is not handled or not allowed
2023-03-25 15:42:49 [scrapy.extensions.logstats] INFO: Crawled 10723 pages (at 134 pages/min), scraped 851 items (at 5 items/min)
2023-03-25 15:43:49 [scrapy.extensions.logstats] INFO: Crawled 10873 pages (at 150 pages/min), scraped 859 items (at 8 items/min)
2023-03-25 15:44:49 [scrapy.extensions.logstats] INFO: Crawled 11020 pages (at 147 pages/min), scraped 867 items (at 8 items/min)
2023-03-25 15:45:49 [scrapy.extensions.logstats] INFO: Crawled 11177 pages (at 157 pages/min), scraped 867 items (at 0 items/min)
2023-03-25 15:46:49 [scrapy.extensions.logstats] INFO: Crawled 11331 pages (at 154 pages/min), scraped 867 items (at 0 items/min)
2023-03-25 15:47:49 [scrapy.extensions.logstats] INFO: Crawled 11475 pages (at 144 pages/min), scraped 885 items (at 18 items/min)
2023-03-25 15:48:49 [scrapy.extensions.logstats] INFO: Crawled 11628 pages (at 153 pages/min), scraped 893 items (at 8 items/min)
2023-03-25 15:49:49 [scrapy.extensions.logstats] INFO: Crawled 11780 pages (at 152 pages/min), scraped 905 items (at 12 items/min)
2023-03-25 15:50:49 [scrapy.extensions.logstats] INFO: Crawled 11923 pages (at 143 pages/min), scraped 905 items (at 0 items/min)
2023-03-25 15:51:49 [scrapy.extensions.logstats] INFO: Crawled 12072 pages (at 149 pages/min), scraped 915 items (at 10 items/min)
2023-03-25 15:52:49 [scrapy.extensions.logstats] INFO: Crawled 12223 pages (at 151 pages/min), scraped 917 items (at 2 items/min)
2023-03-25 15:53:49 [scrapy.extensions.logstats] INFO: Crawled 12375 pages (at 152 pages/min), scraped 918 items (at 1 items/min)
2023-03-25 15:54:49 [scrapy.extensions.logstats] INFO: Crawled 12522 pages (at 147 pages/min), scraped 922 items (at 4 items/min)
2023-03-25 15:55:49 [scrapy.extensions.logstats] INFO: Crawled 12653 pages (at 131 pages/min), scraped 927 items (at 5 items/min)
2023-03-25 15:55:56 [ottode] ERROR: Brand not present
2023-03-25 15:56:49 [scrapy.extensions.logstats] INFO: Crawled 12756 pages (at 103 pages/min), scraped 929 items (at 2 items/min)
2023-03-25 15:57:49 [scrapy.extensions.logstats] INFO: Crawled 12870 pages (at 114 pages/min), scraped 930 items (at 1 items/min)
2023-03-25 15:58:49 [scrapy.extensions.logstats] INFO: Crawled 13016 pages (at 146 pages/min), scraped 931 items (at 1 items/min)
2023-03-25 15:59:49 [scrapy.extensions.logstats] INFO: Crawled 13168 pages (at 152 pages/min), scraped 931 items (at 0 items/min)
2023-03-25 16:00:49 [scrapy.extensions.logstats] INFO: Crawled 13308 pages (at 140 pages/min), scraped 933 items (at 2 items/min)
2023-03-25 16:01:49 [scrapy.extensions.logstats] INFO: Crawled 13455 pages (at 147 pages/min), scraped 937 items (at 4 items/min)
2023-03-25 16:02:49 [scrapy.extensions.logstats] INFO: Crawled 13598 pages (at 143 pages/min), scraped 939 items (at 2 items/min)
2023-03-25 16:03:49 [scrapy.extensions.logstats] INFO: Crawled 13715 pages (at 117 pages/min), scraped 939 items (at 0 items/min)
2023-03-25 16:04:49 [scrapy.extensions.logstats] INFO: Crawled 13822 pages (at 107 pages/min), scraped 940 items (at 1 items/min)
2023-03-25 16:05:49 [scrapy.extensions.logstats] INFO: Crawled 13964 pages (at 142 pages/min), scraped 941 items (at 1 items/min)
2023-03-25 16:06:49 [scrapy.extensions.logstats] INFO: Crawled 14076 pages (at 112 pages/min), scraped 949 items (at 8 items/min)
2023-03-25 16:07:49 [scrapy.extensions.logstats] INFO: Crawled 14211 pages (at 135 pages/min), scraped 955 items (at 6 items/min)
2023-03-25 16:08:49 [scrapy.extensions.logstats] INFO: Crawled 14359 pages (at 148 pages/min), scraped 956 items (at 1 items/min)
2023-03-25 16:09:49 [scrapy.extensions.logstats] INFO: Crawled 14497 pages (at 138 pages/min), scraped 960 items (at 4 items/min)
2023-03-25 16:10:49 [scrapy.extensions.logstats] INFO: Crawled 14601 pages (at 104 pages/min), scraped 969 items (at 9 items/min)
2023-03-25 16:11:49 [scrapy.extensions.logstats] INFO: Crawled 14728 pages (at 127 pages/min), scraped 969 items (at 0 items/min)
2023-03-25 16:12:49 [scrapy.extensions.logstats] INFO: Crawled 14840 pages (at 112 pages/min), scraped 973 items (at 4 items/min)
2023-03-25 16:13:49 [scrapy.extensions.logstats] INFO: Crawled 14952 pages (at 112 pages/min), scraped 978 items (at 5 items/min)
2023-03-25 16:14:49 [scrapy.extensions.logstats] INFO: Crawled 15091 pages (at 139 pages/min), scraped 987 items (at 9 items/min)
2023-03-25 16:15:49 [scrapy.extensions.logstats] INFO: Crawled 15212 pages (at 121 pages/min), scraped 988 items (at 1 items/min)
2023-03-25 16:16:49 [scrapy.extensions.logstats] INFO: Crawled 15340 pages (at 128 pages/min), scraped 988 items (at 0 items/min)
2023-03-25 16:17:49 [scrapy.extensions.logstats] INFO: Crawled 15466 pages (at 126 pages/min), scraped 992 items (at 4 items/min)
2023-03-25 16:18:49 [scrapy.extensions.logstats] INFO: Crawled 15569 pages (at 103 pages/min), scraped 992 items (at 0 items/min)
2023-03-25 16:19:49 [scrapy.extensions.logstats] INFO: Crawled 15683 pages (at 114 pages/min), scraped 992 items (at 0 items/min)
2023-03-25 16:20:49 [scrapy.extensions.logstats] INFO: Crawled 15799 pages (at 116 pages/min), scraped 992 items (at 0 items/min)
2023-03-25 16:21:49 [scrapy.extensions.logstats] INFO: Crawled 15912 pages (at 113 pages/min), scraped 994 items (at 2 items/min)
2023-03-25 16:22:49 [scrapy.extensions.logstats] INFO: Crawled 16019 pages (at 107 pages/min), scraped 1002 items (at 8 items/min)
2023-03-25 16:23:49 [scrapy.extensions.logstats] INFO: Crawled 16144 pages (at 125 pages/min), scraped 1002 items (at 0 items/min)
2023-03-25 16:24:49 [scrapy.extensions.logstats] INFO: Crawled 16274 pages (at 130 pages/min), scraped 1002 items (at 0 items/min)
2023-03-25 16:25:49 [scrapy.extensions.logstats] INFO: Crawled 16390 pages (at 116 pages/min), scraped 1002 items (at 0 items/min)
2023-03-25 16:26:49 [scrapy.extensions.logstats] INFO: Crawled 16498 pages (at 108 pages/min), scraped 1006 items (at 4 items/min)
2023-03-25 16:27:49 [scrapy.extensions.logstats] INFO: Crawled 16614 pages (at 116 pages/min), scraped 1014 items (at 8 items/min)
2023-03-25 16:28:49 [scrapy.extensions.logstats] INFO: Crawled 16733 pages (at 119 pages/min), scraped 1019 items (at 5 items/min)
2023-03-25 16:29:49 [scrapy.extensions.logstats] INFO: Crawled 16860 pages (at 127 pages/min), scraped 1021 items (at 2 items/min)
2023-03-25 16:30:49 [scrapy.extensions.logstats] INFO: Crawled 16963 pages (at 103 pages/min), scraped 1036 items (at 15 items/min)
2023-03-25 16:31:49 [scrapy.extensions.logstats] INFO: Crawled 17076 pages (at 113 pages/min), scraped 1036 items (at 0 items/min)
2023-03-25 16:32:49 [scrapy.extensions.logstats] INFO: Crawled 17213 pages (at 137 pages/min), scraped 1036 items (at 0 items/min)
2023-03-25 16:33:49 [scrapy.extensions.logstats] INFO: Crawled 17341 pages (at 128 pages/min), scraped 1036 items (at 0 items/min)
2023-03-25 16:34:49 [scrapy.extensions.logstats] INFO: Crawled 17455 pages (at 114 pages/min), scraped 1036 items (at 0 items/min)
2023-03-25 16:35:49 [scrapy.extensions.logstats] INFO: Crawled 17573 pages (at 118 pages/min), scraped 1036 items (at 0 items/min)
2023-03-25 16:36:49 [scrapy.extensions.logstats] INFO: Crawled 17690 pages (at 117 pages/min), scraped 1036 items (at 0 items/min)
2023-03-25 16:37:49 [scrapy.extensions.logstats] INFO: Crawled 17813 pages (at 123 pages/min), scraped 1040 items (at 4 items/min)
2023-03-25 16:38:49 [scrapy.extensions.logstats] INFO: Crawled 17934 pages (at 121 pages/min), scraped 1040 items (at 0 items/min)
2023-03-25 16:39:49 [scrapy.extensions.logstats] INFO: Crawled 18055 pages (at 121 pages/min), scraped 1041 items (at 1 items/min)
2023-03-25 16:40:49 [scrapy.extensions.logstats] INFO: Crawled 18176 pages (at 121 pages/min), scraped 1041 items (at 0 items/min)
2023-03-25 16:41:49 [scrapy.extensions.logstats] INFO: Crawled 18290 pages (at 114 pages/min), scraped 1041 items (at 0 items/min)
2023-03-25 16:42:49 [scrapy.extensions.logstats] INFO: Crawled 18405 pages (at 115 pages/min), scraped 1052 items (at 11 items/min)
2023-03-25 16:43:49 [scrapy.extensions.logstats] INFO: Crawled 18516 pages (at 111 pages/min), scraped 1066 items (at 14 items/min)
2023-03-25 16:44:49 [scrapy.extensions.logstats] INFO: Crawled 18626 pages (at 110 pages/min), scraped 1072 items (at 6 items/min)
2023-03-25 16:45:49 [scrapy.extensions.logstats] INFO: Crawled 18746 pages (at 120 pages/min), scraped 1072 items (at 0 items/min)
2023-03-25 16:46:49 [scrapy.extensions.logstats] INFO: Crawled 18864 pages (at 118 pages/min), scraped 1073 items (at 1 items/min)
2023-03-25 16:47:49 [scrapy.extensions.logstats] INFO: Crawled 18994 pages (at 130 pages/min), scraped 1073 items (at 0 items/min)
2023-03-25 16:48:49 [scrapy.extensions.logstats] INFO: Crawled 19104 pages (at 110 pages/min), scraped 1074 items (at 1 items/min)
2023-03-25 16:49:49 [scrapy.extensions.logstats] INFO: Crawled 19225 pages (at 121 pages/min), scraped 1075 items (at 1 items/min)
2023-03-25 16:50:49 [scrapy.extensions.logstats] INFO: Crawled 19341 pages (at 116 pages/min), scraped 1077 items (at 2 items/min)
2023-03-25 16:51:49 [scrapy.extensions.logstats] INFO: Crawled 19481 pages (at 140 pages/min), scraped 1077 items (at 0 items/min)
2023-03-25 16:52:49 [scrapy.extensions.logstats] INFO: Crawled 19619 pages (at 138 pages/min), scraped 1079 items (at 2 items/min)
2023-03-25 16:53:49 [scrapy.extensions.logstats] INFO: Crawled 19754 pages (at 135 pages/min), scraped 1079 items (at 0 items/min)
2023-03-25 16:54:49 [scrapy.extensions.logstats] INFO: Crawled 19895 pages (at 141 pages/min), scraped 1079 items (at 0 items/min)
2023-03-25 16:55:49 [scrapy.extensions.logstats] INFO: Crawled 20033 pages (at 138 pages/min), scraped 1081 items (at 2 items/min)
2023-03-25 16:56:49 [scrapy.extensions.logstats] INFO: Crawled 20176 pages (at 143 pages/min), scraped 1081 items (at 0 items/min)
2023-03-25 16:57:49 [scrapy.extensions.logstats] INFO: Crawled 20324 pages (at 148 pages/min), scraped 1081 items (at 0 items/min)
2023-03-25 16:58:45 [scrapy.spidermiddlewares.httperror] INFO: Ignoring response <404 https://www.otto.de:443/p/pepino-halbschuhe-leder-lauflernschuh-S085C0IC/>: HTTP status code is not handled or not allowed
2023-03-25 16:58:49 [scrapy.extensions.logstats] INFO: Crawled 20448 pages (at 124 pages/min), scraped 1082 items (at 1 items/min)
2023-03-25 16:59:49 [scrapy.extensions.logstats] INFO: Crawled 20577 pages (at 129 pages/min), scraped 1082 items (at 0 items/min)
2023-03-25 17:00:49 [scrapy.extensions.logstats] INFO: Crawled 20681 pages (at 104 pages/min), scraped 1082 items (at 0 items/min)
2023-03-25 17:01:49 [scrapy.extensions.logstats] INFO: Crawled 20792 pages (at 111 pages/min), scraped 1082 items (at 0 items/min)
2023-03-25 17:02:49 [scrapy.extensions.logstats] INFO: Crawled 20911 pages (at 119 pages/min), scraped 1082 items (at 0 items/min)
2023-03-25 17:03:49 [scrapy.extensions.logstats] INFO: Crawled 21017 pages (at 106 pages/min), scraped 1082 items (at 0 items/min)
2023-03-25 17:04:49 [scrapy.extensions.logstats] INFO: Crawled 21142 pages (at 125 pages/min), scraped 1082 items (at 0 items/min)
2023-03-25 17:05:49 [scrapy.extensions.logstats] INFO: Crawled 21231 pages (at 89 pages/min), scraped 1082 items (at 0 items/min)
2023-03-25 17:06:49 [scrapy.extensions.logstats] INFO: Crawled 21351 pages (at 120 pages/min), scraped 1082 items (at 0 items/min)
2023-03-25 17:07:49 [scrapy.extensions.logstats] INFO: Crawled 21474 pages (at 123 pages/min), scraped 1082 items (at 0 items/min)
2023-03-25 17:08:49 [scrapy.extensions.logstats] INFO: Crawled 21603 pages (at 129 pages/min), scraped 1084 items (at 2 items/min)
2023-03-25 17:09:49 [scrapy.extensions.logstats] INFO: Crawled 21713 pages (at 110 pages/min), scraped 1084 items (at 0 items/min)
2023-03-25 17:10:49 [scrapy.extensions.logstats] INFO: Crawled 21842 pages (at 129 pages/min), scraped 1084 items (at 0 items/min)
2023-03-25 17:11:49 [scrapy.extensions.logstats] INFO: Crawled 21950 pages (at 108 pages/min), scraped 1085 items (at 1 items/min)
2023-03-25 17:12:49 [scrapy.extensions.logstats] INFO: Crawled 22041 pages (at 91 pages/min), scraped 1086 items (at 1 items/min)
2023-03-25 17:13:49 [scrapy.extensions.logstats] INFO: Crawled 22142 pages (at 101 pages/min), scraped 1086 items (at 0 items/min)
2023-03-25 17:14:49 [scrapy.extensions.logstats] INFO: Crawled 22289 pages (at 147 pages/min), scraped 1086 items (at 0 items/min)
2023-03-25 17:15:49 [scrapy.extensions.logstats] INFO: Crawled 22431 pages (at 142 pages/min), scraped 1086 items (at 0 items/min)
2023-03-25 17:16:49 [scrapy.extensions.logstats] INFO: Crawled 22544 pages (at 113 pages/min), scraped 1088 items (at 2 items/min)
2023-03-25 17:17:49 [scrapy.extensions.logstats] INFO: Crawled 22663 pages (at 119 pages/min), scraped 1090 items (at 2 items/min)
2023-03-25 17:18:49 [scrapy.extensions.logstats] INFO: Crawled 22768 pages (at 105 pages/min), scraped 1090 items (at 0 items/min)
2023-03-25 17:19:49 [scrapy.extensions.logstats] INFO: Crawled 22886 pages (at 118 pages/min), scraped 1091 items (at 1 items/min)
2023-03-25 17:20:49 [scrapy.extensions.logstats] INFO: Crawled 23011 pages (at 125 pages/min), scraped 1096 items (at 5 items/min)
2023-03-25 17:21:49 [scrapy.extensions.logstats] INFO: Crawled 23135 pages (at 124 pages/min), scraped 1098 items (at 2 items/min)
2023-03-25 17:22:49 [scrapy.extensions.logstats] INFO: Crawled 23250 pages (at 115 pages/min), scraped 1098 items (at 0 items/min)
2023-03-25 17:23:49 [scrapy.extensions.logstats] INFO: Crawled 23369 pages (at 119 pages/min), scraped 1099 items (at 1 items/min)
2023-03-25 17:24:49 [scrapy.extensions.logstats] INFO: Crawled 23512 pages (at 143 pages/min), scraped 1102 items (at 3 items/min)
2023-03-25 17:25:49 [scrapy.extensions.logstats] INFO: Crawled 23656 pages (at 144 pages/min), scraped 1105 items (at 3 items/min)
2023-03-25 17:26:49 [scrapy.extensions.logstats] INFO: Crawled 23778 pages (at 122 pages/min), scraped 1107 items (at 2 items/min)
2023-03-25 17:27:49 [scrapy.extensions.logstats] INFO: Crawled 23889 pages (at 111 pages/min), scraped 1107 items (at 0 items/min)
2023-03-25 17:28:49 [scrapy.extensions.logstats] INFO: Crawled 23995 pages (at 106 pages/min), scraped 1109 items (at 2 items/min)
2023-03-25 17:29:49 [scrapy.extensions.logstats] INFO: Crawled 24109 pages (at 114 pages/min), scraped 1110 items (at 1 items/min)
2023-03-25 17:30:49 [scrapy.extensions.logstats] INFO: Crawled 24213 pages (at 104 pages/min), scraped 1112 items (at 2 items/min)
2023-03-25 17:31:49 [scrapy.extensions.logstats] INFO: Crawled 24317 pages (at 104 pages/min), scraped 1118 items (at 6 items/min)
2023-03-25 17:32:49 [scrapy.extensions.logstats] INFO: Crawled 24434 pages (at 117 pages/min), scraped 1118 items (at 0 items/min)
2023-03-25 17:33:49 [scrapy.extensions.logstats] INFO: Crawled 24548 pages (at 114 pages/min), scraped 1119 items (at 1 items/min)
2023-03-25 17:34:49 [scrapy.extensions.logstats] INFO: Crawled 24662 pages (at 114 pages/min), scraped 1121 items (at 2 items/min)
2023-03-25 17:35:49 [scrapy.extensions.logstats] INFO: Crawled 24778 pages (at 116 pages/min), scraped 1121 items (at 0 items/min)
2023-03-25 17:36:49 [scrapy.extensions.logstats] INFO: Crawled 24903 pages (at 125 pages/min), scraped 1124 items (at 3 items/min)
2023-03-25 17:37:49 [scrapy.extensions.logstats] INFO: Crawled 25034 pages (at 131 pages/min), scraped 1124 items (at 0 items/min)
2023-03-25 17:38:49 [scrapy.extensions.logstats] INFO: Crawled 25146 pages (at 112 pages/min), scraped 1124 items (at 0 items/min)
2023-03-25 17:39:49 [scrapy.extensions.logstats] INFO: Crawled 25250 pages (at 104 pages/min), scraped 1133 items (at 9 items/min)
2023-03-25 17:40:49 [scrapy.extensions.logstats] INFO: Crawled 25371 pages (at 121 pages/min), scraped 1141 items (at 8 items/min)
2023-03-25 17:41:49 [scrapy.extensions.logstats] INFO: Crawled 25483 pages (at 112 pages/min), scraped 1144 items (at 3 items/min)
2023-03-25 17:42:49 [scrapy.extensions.logstats] INFO: Crawled 25593 pages (at 110 pages/min), scraped 1148 items (at 4 items/min)
2023-03-25 17:43:49 [scrapy.extensions.logstats] INFO: Crawled 25709 pages (at 116 pages/min), scraped 1160 items (at 12 items/min)
2023-03-25 17:44:49 [scrapy.extensions.logstats] INFO: Crawled 25847 pages (at 138 pages/min), scraped 1163 items (at 3 items/min)
2023-03-25 17:45:49 [scrapy.extensions.logstats] INFO: Crawled 25982 pages (at 135 pages/min), scraped 1169 items (at 6 items/min)
2023-03-25 17:46:49 [scrapy.extensions.logstats] INFO: Crawled 26109 pages (at 127 pages/min), scraped 1183 items (at 14 items/min)
2023-03-25 17:47:49 [scrapy.extensions.logstats] INFO: Crawled 26227 pages (at 118 pages/min), scraped 1210 items (at 27 items/min)
2023-03-25 17:48:49 [scrapy.extensions.logstats] INFO: Crawled 26319 pages (at 92 pages/min), scraped 1214 items (at 4 items/min)
2023-03-25 17:49:49 [scrapy.extensions.logstats] INFO: Crawled 26436 pages (at 117 pages/min), scraped 1219 items (at 5 items/min)
2023-03-25 17:50:49 [scrapy.extensions.logstats] INFO: Crawled 26530 pages (at 94 pages/min), scraped 1228 items (at 9 items/min)
2023-03-25 17:51:49 [scrapy.extensions.logstats] INFO: Crawled 26637 pages (at 107 pages/min), scraped 1236 items (at 8 items/min)
2023-03-25 17:52:49 [scrapy.extensions.logstats] INFO: Crawled 26740 pages (at 103 pages/min), scraped 1240 items (at 4 items/min)
2023-03-25 17:53:49 [scrapy.extensions.logstats] INFO: Crawled 26859 pages (at 119 pages/min), scraped 1246 items (at 6 items/min)
2023-03-25 17:54:49 [scrapy.extensions.logstats] INFO: Crawled 26969 pages (at 110 pages/min), scraped 1246 items (at 0 items/min)
2023-03-25 17:55:49 [scrapy.extensions.logstats] INFO: Crawled 27109 pages (at 140 pages/min), scraped 1253 items (at 7 items/min)
2023-03-25 17:56:49 [scrapy.extensions.logstats] INFO: Crawled 27226 pages (at 117 pages/min), scraped 1255 items (at 2 items/min)
2023-03-25 17:57:49 [scrapy.extensions.logstats] INFO: Crawled 27363 pages (at 137 pages/min), scraped 1255 items (at 0 items/min)
2023-03-25 17:58:49 [scrapy.extensions.logstats] INFO: Crawled 27496 pages (at 133 pages/min), scraped 1256 items (at 1 items/min)
2023-03-25 17:59:49 [scrapy.extensions.logstats] INFO: Crawled 27622 pages (at 126 pages/min), scraped 1261 items (at 5 items/min)
2023-03-25 18:00:49 [scrapy.extensions.logstats] INFO: Crawled 27767 pages (at 145 pages/min), scraped 1261 items (at 0 items/min)
2023-03-25 18:01:49 [scrapy.extensions.logstats] INFO: Crawled 27908 pages (at 141 pages/min), scraped 1261 items (at 0 items/min)
2023-03-25 18:02:49 [scrapy.extensions.logstats] INFO: Crawled 28049 pages (at 141 pages/min), scraped 1261 items (at 0 items/min)
2023-03-25 18:03:49 [scrapy.extensions.logstats] INFO: Crawled 28173 pages (at 124 pages/min), scraped 1261 items (at 0 items/min)
2023-03-25 18:04:49 [scrapy.extensions.logstats] INFO: Crawled 28318 pages (at 145 pages/min), scraped 1261 items (at 0 items/min)
2023-03-25 18:05:49 [scrapy.extensions.logstats] INFO: Crawled 28458 pages (at 140 pages/min), scraped 1261 items (at 0 items/min)
2023-03-25 18:06:49 [scrapy.extensions.logstats] INFO: Crawled 28603 pages (at 145 pages/min), scraped 1264 items (at 3 items/min)
2023-03-25 18:07:49 [scrapy.extensions.logstats] INFO: Crawled 28730 pages (at 127 pages/min), scraped 1265 items (at 1 items/min)
2023-03-25 18:08:49 [scrapy.extensions.logstats] INFO: Crawled 28877 pages (at 147 pages/min), scraped 1288 items (at 23 items/min)
2023-03-25 18:09:49 [scrapy.extensions.logstats] INFO: Crawled 29014 pages (at 137 pages/min), scraped 1290 items (at 2 items/min)
2023-03-25 18:10:49 [scrapy.extensions.logstats] INFO: Crawled 29158 pages (at 144 pages/min), scraped 1291 items (at 1 items/min)
2023-03-25 18:11:49 [scrapy.extensions.logstats] INFO: Crawled 29285 pages (at 127 pages/min), scraped 1291 items (at 0 items/min)
2023-03-25 18:12:49 [scrapy.extensions.logstats] INFO: Crawled 29412 pages (at 127 pages/min), scraped 1291 items (at 0 items/min)
2023-03-25 18:13:03 [scrapy.core.engine] INFO: Closing spider (finished)
2023-03-25 18:13:03 [scrapy.extensions.feedexport] INFO: Stored csv feed (1291 items) in: ottode.csv
2023-03-25 18:13:03 [scrapy.statscollectors] INFO: Dumping Scrapy stats:
{'downloader/request_bytes': 17039917,
 'downloader/request_count': 37229,
 'downloader/request_method_count/GET': 37229,
 'downloader/response_bytes': 2417742891,
 'downloader/response_count': 37229,
 'downloader/response_status_count/200': 29443,
 'downloader/response_status_count/301': 7780,
 'downloader/response_status_count/307': 2,
 'downloader/response_status_count/404': 4,
 'dupefilter/filtered': 14173,
 'elapsed_time_seconds': 14114.184579,
 'feedexport/success_count/FileFeedStorage': 1,
 'finish_reason': 'finished',
 'finish_time': datetime.datetime(2023, 3, 25, 13, 13, 3, 794490),
 'httpcompression/response_bytes': 11097916584,
 'httpcompression/response_count': 29447,
 'httperror/response_ignored_count': 4,
 'httperror/response_ignored_status_count/404': 4,
 'item_scraped_count': 1291,
 'log_count/ERROR': 4,
 'log_count/INFO': 250,
 'request_depth_max': 3,
 'response_received_count': 29447,
 'robotstxt/request_count': 2,
 'robotstxt/response_count': 2,
 'robotstxt/response_status_count/200': 2,
 'scheduler/dequeued': 37226,
 'scheduler/dequeued/memory': 37226,
 'scheduler/enqueued': 37226,
 'scheduler/enqueued/memory': 37226,
 'spider_exceptions/AttributeError': 1,
 'start_time': datetime.datetime(2023, 3, 25, 9, 17, 49, 609911)}
2023-03-25 18:13:03 [scrapy.core.engine] INFO: Spider closed (finished)
