2023-03-24 12:45:17 [scrapy.utils.log] INFO: Scrapy 2.8.0 started (bot: manual_scraper_ext)
2023-03-24 12:45:17 [scrapy.utils.log] INFO: Versions: lxml 4.9.2.0, libxml2 2.9.12, cssselect 1.2.0, parsel 1.7.0, w3lib 2.1.1, Twisted 22.10.0, Python 3.10.9 (tags/v3.10.9:1dd9be6, Dec  6 2022, 20:01:21) [MSC v.1934 64 bit (AMD64)], pyOpenSSL 23.0.0 (OpenSSL 3.0.8 7 Feb 2023), cryptography 39.0.2, Platform Windows-10-10.0.19045-SP0
2023-03-24 12:45:17 [scrapy.crawler] INFO: Overridden settings:
{'BOT_NAME': 'manual_scraper_ext',
 'CONCURRENT_REQUESTS': 5,
 'DOWNLOAD_DELAY': 0.3,
 'FEED_EXPORT_ENCODING': 'utf-8',
 'LOG_FILE': 'ottode.log',
 'LOG_LEVEL': 'INFO',
 'NEWSPIDER_MODULE': 'manual_scraper_ext.spiders',
 'REQUEST_FINGERPRINTER_IMPLEMENTATION': '2.7',
 'ROBOTSTXT_OBEY': True,
 'SPIDER_MODULES': ['manual_scraper_ext.spiders'],
 'TWISTED_REACTOR': 'twisted.internet.asyncioreactor.AsyncioSelectorReactor'}
2023-03-24 12:45:17 [scrapy.extensions.telnet] INFO: Telnet Password: 60683f9c88b205af
2023-03-24 12:45:17 [scrapy.middleware] INFO: Enabled extensions:
['scrapy.extensions.corestats.CoreStats',
 'scrapy.extensions.telnet.TelnetConsole',
 'scrapy.extensions.feedexport.FeedExporter',
 'scrapy.extensions.logstats.LogStats']
2023-03-24 12:45:17 [scrapy.middleware] INFO: Enabled downloader middlewares:
['scrapy.downloadermiddlewares.robotstxt.RobotsTxtMiddleware',
 'scrapy.downloadermiddlewares.httpauth.HttpAuthMiddleware',
 'scrapy.downloadermiddlewares.downloadtimeout.DownloadTimeoutMiddleware',
 'scrapy.downloadermiddlewares.defaultheaders.DefaultHeadersMiddleware',
 'scrapy.downloadermiddlewares.useragent.UserAgentMiddleware',
 'scrapy.downloadermiddlewares.retry.RetryMiddleware',
 'scrapy.downloadermiddlewares.redirect.MetaRefreshMiddleware',
 'scrapy.downloadermiddlewares.httpcompression.HttpCompressionMiddleware',
 'scrapy.downloadermiddlewares.redirect.RedirectMiddleware',
 'scrapy.downloadermiddlewares.cookies.CookiesMiddleware',
 'scrapy.downloadermiddlewares.httpproxy.HttpProxyMiddleware',
 'scrapy.downloadermiddlewares.stats.DownloaderStats']
2023-03-24 12:45:17 [scrapy.middleware] INFO: Enabled spider middlewares:
['scrapy.spidermiddlewares.httperror.HttpErrorMiddleware',
 'scrapy.spidermiddlewares.offsite.OffsiteMiddleware',
 'scrapy.spidermiddlewares.referer.RefererMiddleware',
 'scrapy.spidermiddlewares.urllength.UrlLengthMiddleware',
 'scrapy.spidermiddlewares.depth.DepthMiddleware']
2023-03-24 12:45:17 [scrapy.middleware] INFO: Enabled item pipelines:
[]
2023-03-24 12:45:17 [scrapy.core.engine] INFO: Spider opened
2023-03-24 12:45:17 [scrapy.extensions.logstats] INFO: Crawled 0 pages (at 0 pages/min), scraped 0 items (at 0 items/min)
2023-03-24 12:45:17 [scrapy.extensions.telnet] INFO: Telnet console listening on 127.0.0.1:6023
2023-03-24 12:46:17 [scrapy.extensions.logstats] INFO: Crawled 133 pages (at 133 pages/min), scraped 16 items (at 16 items/min)
2023-03-24 12:47:17 [scrapy.extensions.logstats] INFO: Crawled 253 pages (at 120 pages/min), scraped 51 items (at 35 items/min)
2023-03-24 12:48:17 [scrapy.extensions.logstats] INFO: Crawled 367 pages (at 114 pages/min), scraped 85 items (at 34 items/min)
2023-03-24 12:48:41 [ottode] ERROR: Model did not match
2023-03-24 12:49:17 [scrapy.extensions.logstats] INFO: Crawled 488 pages (at 121 pages/min), scraped 122 items (at 37 items/min)
2023-03-24 12:50:17 [scrapy.extensions.logstats] INFO: Crawled 608 pages (at 120 pages/min), scraped 151 items (at 29 items/min)
2023-03-24 12:51:17 [scrapy.extensions.logstats] INFO: Crawled 728 pages (at 120 pages/min), scraped 158 items (at 7 items/min)
2023-03-24 12:52:17 [scrapy.extensions.logstats] INFO: Crawled 857 pages (at 129 pages/min), scraped 185 items (at 27 items/min)
2023-03-24 12:53:17 [scrapy.extensions.logstats] INFO: Crawled 991 pages (at 134 pages/min), scraped 248 items (at 63 items/min)
2023-03-24 12:54:17 [scrapy.extensions.logstats] INFO: Crawled 1141 pages (at 150 pages/min), scraped 309 items (at 61 items/min)
2023-03-24 12:54:20 [ottode] ERROR: Brand not present
2023-03-24 12:54:20 [scrapy.core.scraper] ERROR: Spider error processing <GET https://www.otto.de:443/p/gorenje-backofen-set-pacific-backofen-set-basic-2021-mit-1-fach-teleskopauszug-aqua-clean-1349131976/#variationId=1349132548> (referer: https://www.otto.de/haushalt/kuechengeraete/dampfgarer/?einbauart=einbaufaehig)
Traceback (most recent call last):
  File "C:\Users\vvspower\AppData\Local\Programs\Python\Python310\lib\site-packages\scrapy\utils\defer.py", line 257, in iter_errback
    yield next(it)
  File "C:\Users\vvspower\AppData\Local\Programs\Python\Python310\lib\site-packages\scrapy\utils\python.py", line 312, in __next__
    return next(self.data)
  File "C:\Users\vvspower\AppData\Local\Programs\Python\Python310\lib\site-packages\scrapy\utils\python.py", line 312, in __next__
    return next(self.data)
  File "C:\Users\vvspower\AppData\Local\Programs\Python\Python310\lib\site-packages\scrapy\core\spidermw.py", line 104, in process_sync
    for r in iterable:
  File "C:\Users\vvspower\AppData\Local\Programs\Python\Python310\lib\site-packages\scrapy\spidermiddlewares\offsite.py", line 28, in <genexpr>
    return (r for r in result or () if self._filter(r, spider))
  File "C:\Users\vvspower\AppData\Local\Programs\Python\Python310\lib\site-packages\scrapy\core\spidermw.py", line 104, in process_sync
    for r in iterable:
  File "C:\Users\vvspower\AppData\Local\Programs\Python\Python310\lib\site-packages\scrapy\spidermiddlewares\referer.py", line 353, in <genexpr>
    return (self._set_referer(r, response) for r in result or ())
  File "C:\Users\vvspower\AppData\Local\Programs\Python\Python310\lib\site-packages\scrapy\core\spidermw.py", line 104, in process_sync
    for r in iterable:
  File "C:\Users\vvspower\AppData\Local\Programs\Python\Python310\lib\site-packages\scrapy\spidermiddlewares\urllength.py", line 27, in <genexpr>
    return (r for r in result or () if self._filter(r, spider))
  File "C:\Users\vvspower\AppData\Local\Programs\Python\Python310\lib\site-packages\scrapy\core\spidermw.py", line 104, in process_sync
    for r in iterable:
  File "C:\Users\vvspower\AppData\Local\Programs\Python\Python310\lib\site-packages\scrapy\spidermiddlewares\depth.py", line 31, in <genexpr>
    return (r for r in result or () if self._filter(r, response, spider))
  File "C:\Users\vvspower\AppData\Local\Programs\Python\Python310\lib\site-packages\scrapy\core\spidermw.py", line 104, in process_sync
    for r in iterable:
  File "D:\WORK\SCRAPING WORK\otto-crawler\manual_scraper_ext\manual_scraper_ext\spiders\ottode.py", line 50, in parse_product
    brand, model, product = self.clean_headline(
  File "D:\WORK\SCRAPING WORK\otto-crawler\manual_scraper_ext\manual_scraper_ext\spiders\ottode.py", line 85, in clean_headline
    model = self.clean_model(headline, brand, product)
UnboundLocalError: local variable 'brand' referenced before assignment
2023-03-24 12:55:17 [scrapy.extensions.logstats] INFO: Crawled 1290 pages (at 149 pages/min), scraped 332 items (at 23 items/min)
2023-03-24 12:56:17 [scrapy.extensions.logstats] INFO: Crawled 1439 pages (at 149 pages/min), scraped 336 items (at 4 items/min)
2023-03-24 12:57:17 [scrapy.extensions.logstats] INFO: Crawled 1590 pages (at 151 pages/min), scraped 347 items (at 11 items/min)
2023-03-24 12:58:17 [scrapy.extensions.logstats] INFO: Crawled 1716 pages (at 126 pages/min), scraped 347 items (at 0 items/min)
2023-03-24 12:59:17 [scrapy.extensions.logstats] INFO: Crawled 1826 pages (at 110 pages/min), scraped 348 items (at 1 items/min)
2023-03-24 13:00:17 [scrapy.extensions.logstats] INFO: Crawled 1950 pages (at 124 pages/min), scraped 348 items (at 0 items/min)
2023-03-24 13:01:17 [scrapy.extensions.logstats] INFO: Crawled 2069 pages (at 119 pages/min), scraped 349 items (at 1 items/min)
2023-03-24 13:02:17 [scrapy.extensions.logstats] INFO: Crawled 2192 pages (at 123 pages/min), scraped 349 items (at 0 items/min)
2023-03-24 13:03:17 [scrapy.extensions.logstats] INFO: Crawled 2317 pages (at 125 pages/min), scraped 349 items (at 0 items/min)
2023-03-24 13:04:17 [scrapy.extensions.logstats] INFO: Crawled 2451 pages (at 134 pages/min), scraped 350 items (at 1 items/min)
2023-03-24 13:05:17 [scrapy.extensions.logstats] INFO: Crawled 2576 pages (at 125 pages/min), scraped 351 items (at 1 items/min)
2023-03-24 13:06:17 [scrapy.extensions.logstats] INFO: Crawled 2707 pages (at 131 pages/min), scraped 355 items (at 4 items/min)
2023-03-24 13:07:17 [scrapy.extensions.logstats] INFO: Crawled 2835 pages (at 128 pages/min), scraped 355 items (at 0 items/min)
2023-03-24 13:08:17 [scrapy.extensions.logstats] INFO: Crawled 2960 pages (at 125 pages/min), scraped 357 items (at 2 items/min)
2023-03-24 13:09:17 [scrapy.extensions.logstats] INFO: Crawled 3087 pages (at 127 pages/min), scraped 357 items (at 0 items/min)
2023-03-24 13:10:17 [scrapy.extensions.logstats] INFO: Crawled 3224 pages (at 137 pages/min), scraped 357 items (at 0 items/min)
2023-03-24 13:11:17 [scrapy.extensions.logstats] INFO: Crawled 3345 pages (at 121 pages/min), scraped 371 items (at 14 items/min)
2023-03-24 13:12:17 [scrapy.extensions.logstats] INFO: Crawled 3500 pages (at 155 pages/min), scraped 372 items (at 1 items/min)
2023-03-24 13:13:17 [scrapy.extensions.logstats] INFO: Crawled 3637 pages (at 137 pages/min), scraped 395 items (at 23 items/min)
2023-03-24 13:14:17 [scrapy.extensions.logstats] INFO: Crawled 3769 pages (at 132 pages/min), scraped 397 items (at 2 items/min)
2023-03-24 13:15:17 [scrapy.extensions.logstats] INFO: Crawled 3905 pages (at 136 pages/min), scraped 413 items (at 16 items/min)
2023-03-24 13:16:17 [scrapy.extensions.logstats] INFO: Crawled 4046 pages (at 141 pages/min), scraped 419 items (at 6 items/min)
2023-03-24 13:17:17 [scrapy.extensions.logstats] INFO: Crawled 4159 pages (at 113 pages/min), scraped 419 items (at 0 items/min)
2023-03-24 13:18:17 [scrapy.extensions.logstats] INFO: Crawled 4287 pages (at 128 pages/min), scraped 419 items (at 0 items/min)
2023-03-24 13:19:17 [scrapy.extensions.logstats] INFO: Crawled 4427 pages (at 140 pages/min), scraped 420 items (at 1 items/min)
2023-03-24 13:20:17 [scrapy.extensions.logstats] INFO: Crawled 4544 pages (at 117 pages/min), scraped 422 items (at 2 items/min)
2023-03-24 13:21:17 [scrapy.extensions.logstats] INFO: Crawled 4655 pages (at 111 pages/min), scraped 423 items (at 1 items/min)
2023-03-24 13:22:17 [scrapy.extensions.logstats] INFO: Crawled 4762 pages (at 107 pages/min), scraped 423 items (at 0 items/min)
2023-03-24 13:23:17 [scrapy.extensions.logstats] INFO: Crawled 4911 pages (at 149 pages/min), scraped 435 items (at 12 items/min)
2023-03-24 13:24:17 [scrapy.extensions.logstats] INFO: Crawled 5027 pages (at 116 pages/min), scraped 450 items (at 15 items/min)
2023-03-24 13:25:17 [scrapy.extensions.logstats] INFO: Crawled 5140 pages (at 113 pages/min), scraped 450 items (at 0 items/min)
2023-03-24 13:26:17 [scrapy.extensions.logstats] INFO: Crawled 5267 pages (at 127 pages/min), scraped 456 items (at 6 items/min)
2023-03-24 13:27:17 [scrapy.extensions.logstats] INFO: Crawled 5413 pages (at 146 pages/min), scraped 463 items (at 7 items/min)
2023-03-24 13:28:17 [scrapy.extensions.logstats] INFO: Crawled 5530 pages (at 117 pages/min), scraped 463 items (at 0 items/min)
2023-03-24 13:29:17 [scrapy.extensions.logstats] INFO: Crawled 5644 pages (at 114 pages/min), scraped 463 items (at 0 items/min)
2023-03-24 13:30:17 [scrapy.extensions.logstats] INFO: Crawled 5766 pages (at 122 pages/min), scraped 463 items (at 0 items/min)
2023-03-24 13:31:17 [scrapy.extensions.logstats] INFO: Crawled 5878 pages (at 112 pages/min), scraped 463 items (at 0 items/min)
2023-03-24 13:32:17 [scrapy.extensions.logstats] INFO: Crawled 5990 pages (at 112 pages/min), scraped 467 items (at 4 items/min)
2023-03-24 13:33:17 [scrapy.extensions.logstats] INFO: Crawled 6130 pages (at 140 pages/min), scraped 479 items (at 12 items/min)
2023-03-24 13:34:17 [scrapy.extensions.logstats] INFO: Crawled 6280 pages (at 150 pages/min), scraped 485 items (at 6 items/min)
2023-03-24 13:35:17 [scrapy.extensions.logstats] INFO: Crawled 6414 pages (at 134 pages/min), scraped 488 items (at 3 items/min)
2023-03-24 13:36:14 [scrapy.crawler] INFO: Received SIGINT, shutting down gracefully. Send again to force 
2023-03-24 13:36:14 [scrapy.core.engine] INFO: Closing spider (shutdown)
2023-03-24 13:36:14 [scrapy.crawler] INFO: Received SIGINT twice, forcing unclean shutdown
